{"C:\\Users\\isabela.goncalves\\handson\\servico-negociacao-frontend\\servico-negociacao-frontend\\src\\components\\campanha\\campanhas.vue": {"path":"C:\\Users\\isabela.goncalves\\handson\\servico-negociacao-frontend\\servico-negociacao-frontend\\src\\components\\campanha\\campanhas.vue","statementMap":{"0":{"start":{"line":26,"column":0},"end":{"line":null,"column":-1}},"1":{"start":{"line":32,"column":0},"end":{"line":null,"column":-1}},"2":{"start":{"line":33,"column":0},"end":{"line":null,"column":-1}},"3":{"start":{"line":34,"column":0},"end":{"line":null,"column":-1}},"4":{"start":{"line":37,"column":0},"end":{"line":null,"column":-1}},"5":{"start":{"line":39,"column":0},"end":{"line":null,"column":-1}},"6":{"start":{"line":45,"column":0},"end":{"line":null,"column":-1}},"7":{"start":{"line":56,"column":0},"end":{"line":null,"column":-1}},"8":{"start":{"line":60,"column":0},"end":{"line":null,"column":-1}},"9":{"start":{"line":47,"column":0},"end":{"line":null,"column":-1}},"10":{"start":{"line":50,"column":0},"end":{"line":null,"column":-1}},"11":{"start":{"line":53,"column":0},"end":{"line":null,"column":-1}},"12":{"start":{"line":45,"column":0},"end":{"line":41,"column":0}}},"fnMap":{"0":{"name":"(anonymous_1)","decl":{"start":{"line":55,"column":0},"end":{"line":null,"column":-1}},"loc":{"start":{"line":55,"column":0},"end":{"line":57,"column":0}}},"1":{"name":"(anonymous_2)","decl":{"start":{"line":59,"column":0},"end":{"line":null,"column":-1}},"loc":{"start":{"line":59,"column":0},"end":{"line":61,"column":0}}}},"branchMap":{},"s":{"0":0,"1":0,"2":0,"3":0,"4":0,"5":0,"6":0,"7":0,"8":0,"9":0,"10":0,"11":0,"12":0},"f":{"0":0,"1":0},"b":{}}
,"C:\\Users\\isabela.goncalves\\handson\\servico-negociacao-frontend\\servico-negociacao-frontend\\src\\components\\layout\\cabecalho.vue": {"path":"C:\\Users\\isabela.goncalves\\handson\\servico-negociacao-frontend\\servico-negociacao-frontend\\src\\components\\layout\\cabecalho.vue","statementMap":{"0":{"start":{"line":21,"column":0},"end":{"line":null,"column":-1}},"1":{"start":{"line":26,"column":0},"end":{"line":null,"column":-1}},"2":{"start":{"line":27,"column":0},"end":{"line":null,"column":-1}},"3":{"start":{"line":28,"column":0},"end":{"line":null,"column":-1}},"4":{"start":{"line":30,"column":0},"end":{"line":null,"column":-1}},"5":{"start":{"line":34,"column":0},"end":{"line":null,"column":-1}},"6":{"start":{"line":38,"column":0},"end":{"line":null,"column":-1}},"7":{"start":{"line":41,"column":0},"end":{"line":null,"column":-1}},"8":{"start":{"line":36,"column":0},"end":{"line":null,"column":-1}}},"fnMap":{"0":{"name":"(anonymous_1)","decl":{"start":{"line":32,"column":0},"end":{"line":null,"column":-1}},"loc":{"start":{"line":32,"column":0},"end":{"line":43,"column":0}}},"1":{"name":"(anonymous_2)","decl":{"start":{"line":40,"column":0},"end":{"line":null,"column":-1}},"loc":{"start":{"line":40,"column":0},"end":{"line":42,"column":0}}}},"branchMap":{},"s":{"0":0,"1":0,"2":0,"3":0,"4":0,"5":0,"6":0,"7":0,"8":0},"f":{"0":0,"1":0},"b":{}}
,"C:\\Users\\isabela.goncalves\\handson\\servico-negociacao-frontend\\servico-negociacao-frontend\\src\\components\\negociacao\\dadosAluno.vue": {"path":"C:\\Users\\isabela.goncalves\\handson\\servico-negociacao-frontend\\servico-negociacao-frontend\\src\\components\\negociacao\\dadosAluno.vue","statementMap":{"0":{"start":{"line":21,"column":0},"end":{"line":null,"column":-1}},"1":{"start":{"line":26,"column":0},"end":{"line":null,"column":-1}},"2":{"start":{"line":27,"column":0},"end":{"line":null,"column":-1}},"3":{"start":{"line":28,"column":0},"end":{"line":null,"column":-1}},"4":{"start":{"line":31,"column":0},"end":{"line":null,"column":-1}},"5":{"start":{"line":38,"column":0},"end":{"line":null,"column":-1}},"6":{"start":{"line":40,"column":0},"end":{"line":null,"column":-1}},"7":{"start":{"line":38,"column":0},"end":{"line":33,"column":0}}},"fnMap":{},"branchMap":{},"s":{"0":0,"1":0,"2":0,"3":0,"4":0,"5":0,"6":0,"7":0},"f":{},"b":{}}
,"C:\\Users\\isabela.goncalves\\handson\\servico-negociacao-frontend\\servico-negociacao-frontend\\src\\components\\negociacao\\debitos.vue": {"path":"C:\\Users\\isabela.goncalves\\handson\\servico-negociacao-frontend\\servico-negociacao-frontend\\src\\components\\negociacao\\debitos.vue","statementMap":{"0":{"start":{"line":38,"column":0},"end":{"line":null,"column":-1}},"1":{"start":{"line":44,"column":0},"end":{"line":null,"column":-1}},"2":{"start":{"line":45,"column":0},"end":{"line":null,"column":-1}},"3":{"start":{"line":46,"column":0},"end":{"line":null,"column":-1}},"4":{"start":{"line":49,"column":0},"end":{"line":null,"column":-1}},"5":{"start":{"line":51,"column":0},"end":{"line":null,"column":-1}},"6":{"start":{"line":58,"column":0},"end":{"line":null,"column":-1}},"7":{"start":{"line":65,"column":0},"end":{"line":null,"column":-1}},"8":{"start":{"line":67,"column":0},"end":{"line":76,"column":0}},"9":{"start":{"line":81,"column":0},"end":{"line":null,"column":-1}},"10":{"start":{"line":60,"column":0},"end":{"line":null,"column":-1}},"11":{"start":{"line":63,"column":0},"end":{"line":null,"column":-1}},"12":{"start":{"line":80,"column":0},"end":{"line":null,"column":-1}},"13":{"start":{"line":58,"column":0},"end":{"line":53,"column":0}}},"fnMap":{"0":{"name":"(anonymous_1)","decl":{"start":{"line":53,"column":0},"end":{"line":null,"column":-1}},"loc":{"start":{"line":53,"column":0},"end":{"line":83,"column":0}}},"1":{"name":"(anonymous_2)","decl":{"start":{"line":80,"column":0},"end":{"line":null,"column":-1}},"loc":{"start":{"line":80,"column":0},"end":{"line":82,"column":0}}}},"branchMap":{},"s":{"0":0,"1":0,"2":0,"3":0,"4":0,"5":0,"6":0,"7":0,"8":0,"9":0,"10":0,"11":0,"12":0,"13":0},"f":{"0":0,"1":0},"b":{}}
,"C:\\Users\\isabela.goncalves\\handson\\servico-negociacao-frontend\\servico-negociacao-frontend\\src\\components\\negociacao\\simulacaoAcordo.vue": {"path":"C:\\Users\\isabela.goncalves\\handson\\servico-negociacao-frontend\\servico-negociacao-frontend\\src\\components\\negociacao\\simulacaoAcordo.vue","statementMap":{"0":{"start":{"line":34,"column":0},"end":{"line":null,"column":-1}},"1":{"start":{"line":39,"column":0},"end":{"line":null,"column":-1}},"2":{"start":{"line":40,"column":0},"end":{"line":null,"column":-1}},"3":{"start":{"line":41,"column":0},"end":{"line":null,"column":-1}},"4":{"start":{"line":42,"column":0},"end":{"line":null,"column":-1}},"5":{"start":{"line":45,"column":0},"end":{"line":null,"column":-1}},"6":{"start":{"line":46,"column":0},"end":{"line":null,"column":-1}},"7":{"start":{"line":52,"column":0},"end":{"line":null,"column":-1}},"8":{"start":{"line":54,"column":0},"end":{"line":null,"column":-1}},"9":{"start":{"line":57,"column":0},"end":{"line":null,"column":-1}},"10":{"start":{"line":60,"column":0},"end":{"line":null,"column":-1}},"11":{"start":{"line":52,"column":0},"end":{"line":48,"column":0}}},"fnMap":{},"branchMap":{},"s":{"0":0,"1":0,"2":0,"3":0,"4":0,"5":0,"6":0,"7":0,"8":0,"9":0,"10":0,"11":0},"f":{},"b":{}}
,"C:\\Users\\isabela.goncalves\\handson\\servico-negociacao-frontend\\servico-negociacao-frontend\\src\\config\\vuetify.ts": {"path":"C:\\Users\\isabela.goncalves\\handson\\servico-negociacao-frontend\\servico-negociacao-frontend\\src\\config\\vuetify.ts","statementMap":{"0":{"start":{"line":1,"column":0},"end":{"line":1,"column":21}},"1":{"start":{"line":2,"column":0},"end":{"line":2,"column":29}},"2":{"start":{"line":3,"column":0},"end":{"line":3,"column":37}},"3":{"start":{"line":4,"column":0},"end":{"line":4,"column":38}},"4":{"start":{"line":6,"column":0},"end":{"line":24,"column":3}}},"fnMap":{},"branchMap":{},"s":{"0":0,"1":0,"2":0,"3":0,"4":0},"f":{},"b":{}}
,"C:\\Users\\isabela.goncalves\\handson\\servico-negociacao-frontend\\servico-negociacao-frontend\\src\\layouts\\default.vue": {"path":"C:\\Users\\isabela.goncalves\\handson\\servico-negociacao-frontend\\servico-negociacao-frontend\\src\\layouts\\default.vue","statementMap":{"0":{"start":{"line":12,"column":0},"end":{"line":null,"column":-1}},"1":{"start":{"line":17,"column":0},"end":{"line":null,"column":-1}},"2":{"start":{"line":24,"column":0},"end":{"line":null,"column":-1}},"3":{"start":{"line":24,"column":0},"end":{"line":19,"column":0}}},"fnMap":{},"branchMap":{},"s":{"0":0,"1":0,"2":0,"3":0},"f":{},"b":{}}
,"C:\\Users\\isabela.goncalves\\handson\\servico-negociacao-frontend\\servico-negociacao-frontend\\src\\model\\Aluno.ts": {"path":"C:\\Users\\isabela.goncalves\\handson\\servico-negociacao-frontend\\servico-negociacao-frontend\\src\\model\\Aluno.ts","statementMap":{"0":{"start":{"line":1,"column":0},"end":{"line":9,"column":1}}},"fnMap":{},"branchMap":{},"s":{"0":0},"f":{},"b":{}}
,"C:\\Users\\isabela.goncalves\\handson\\servico-negociacao-frontend\\servico-negociacao-frontend\\src\\model\\Campanha.ts": {"path":"C:\\Users\\isabela.goncalves\\handson\\servico-negociacao-frontend\\servico-negociacao-frontend\\src\\model\\Campanha.ts","statementMap":{"0":{"start":{"line":8,"column":11},"end":{"line":8,"column":40}},"1":{"start":{"line":1,"column":0},"end":{"line":9,"column":1}}},"fnMap":{"0":{"name":"(anonymous_0)","decl":{"start":{"line":1,"column":0},"end":{"line":null,"column":-1}},"loc":{"start":{"line":1,"column":0},"end":{"line":9,"column":1}}}},"branchMap":{},"s":{"0":0,"1":0},"f":{"0":0},"b":{}}
,"C:\\Users\\isabela.goncalves\\handson\\servico-negociacao-frontend\\servico-negociacao-frontend\\src\\model\\Debito.ts": {"path":"C:\\Users\\isabela.goncalves\\handson\\servico-negociacao-frontend\\servico-negociacao-frontend\\src\\model\\Debito.ts","statementMap":{"0":{"start":{"line":12,"column":11},"end":{"line":12,"column":36}},"1":{"start":{"line":1,"column":0},"end":{"line":13,"column":1}}},"fnMap":{"0":{"name":"(anonymous_0)","decl":{"start":{"line":1,"column":0},"end":{"line":null,"column":-1}},"loc":{"start":{"line":1,"column":0},"end":{"line":13,"column":1}}}},"branchMap":{},"s":{"0":0,"1":0},"f":{"0":0},"b":{}}
,"C:\\Users\\isabela.goncalves\\handson\\servico-negociacao-frontend\\servico-negociacao-frontend\\src\\model\\ObterDebitosDoAluno.ts": {"path":"C:\\Users\\isabela.goncalves\\handson\\servico-negociacao-frontend\\servico-negociacao-frontend\\src\\model\\ObterDebitosDoAluno.ts","statementMap":{"0":{"start":{"line":4,"column":0},"end":{"line":7,"column":1}}},"fnMap":{},"branchMap":{},"s":{"0":0},"f":{},"b":{}}
,"C:\\Users\\isabela.goncalves\\handson\\servico-negociacao-frontend\\servico-negociacao-frontend\\src\\pages\\Negociacao.vue": {"path":"C:\\Users\\isabela.goncalves\\handson\\servico-negociacao-frontend\\servico-negociacao-frontend\\src\\pages\\Negociacao.vue","statementMap":{"0":{"start":{"line":22,"column":0},"end":{"line":null,"column":-1}},"1":{"start":{"line":27,"column":0},"end":{"line":null,"column":-1}},"2":{"start":{"line":28,"column":0},"end":{"line":null,"column":-1}},"3":{"start":{"line":29,"column":0},"end":{"line":null,"column":-1}},"4":{"start":{"line":30,"column":0},"end":{"line":null,"column":-1}},"5":{"start":{"line":31,"column":0},"end":{"line":null,"column":-1}},"6":{"start":{"line":32,"column":0},"end":{"line":null,"column":-1}},"7":{"start":{"line":33,"column":0},"end":{"line":null,"column":-1}},"8":{"start":{"line":36,"column":0},"end":{"line":null,"column":-1}},"9":{"start":{"line":46,"column":0},"end":{"line":null,"column":-1}},"10":{"start":{"line":48,"column":0},"end":{"line":null,"column":-1}},"11":{"start":{"line":46,"column":0},"end":{"line":38,"column":0}}},"fnMap":{},"branchMap":{},"s":{"0":0,"1":0,"2":0,"3":0,"4":0,"5":0,"6":0,"7":0,"8":0,"9":0,"10":0,"11":0},"f":{},"b":{}}
,"C:\\Users\\isabela.goncalves\\handson\\servico-negociacao-frontend\\servico-negociacao-frontend\\src\\services\\CampanhaService.ts": {"path":"C:\\Users\\isabela.goncalves\\handson\\servico-negociacao-frontend\\servico-negociacao-frontend\\src\\services\\CampanhaService.ts","statementMap":{"0":{"start":{"line":1,"column":0},"end":{"line":1,"column":39}},"1":{"start":{"line":2,"column":0},"end":{"line":2,"column":75}},"2":{"start":{"line":4,"column":0},"end":{"line":4,"column":43}},"3":{"start":{"line":7,"column":0},"end":{"line":19,"column":1}},"4":{"start":{"line":11,"column":4},"end":{"line":11,"column":16}},"5":{"start":{"line":8,"column":12},"end":{"line":8,"column":55}},"6":{"start":{"line":15,"column":21},"end":{"line":16,"column":60}},"7":{"start":{"line":17,"column":4},"end":{"line":17,"column":26}},"8":{"start":{"line":7,"column":13},"end":{"line":19,"column":1}},"9":{"start":{"line":7,"column":13},"end":{"line":7,"column":28}}},"fnMap":{"0":{"name":"(anonymous_0)","decl":{"start":{"line":10,"column":2},"end":{"line":10,"column":21}},"loc":{"start":{"line":10,"column":39},"end":{"line":12,"column":3}}},"1":{"name":"(anonymous_1)","decl":{"start":{"line":14,"column":9},"end":{"line":14,"column":13}},"loc":{"start":{"line":14,"column":29},"end":{"line":18,"column":3}}}},"branchMap":{},"s":{"0":0,"1":0,"2":0,"3":0,"4":0,"5":0,"6":0,"7":0,"8":0,"9":0},"f":{"0":0,"1":0},"b":{}}
,"C:\\Users\\isabela.goncalves\\handson\\servico-negociacao-frontend\\servico-negociacao-frontend\\src\\services\\DebitoService.ts": {"path":"C:\\Users\\isabela.goncalves\\handson\\servico-negociacao-frontend\\servico-negociacao-frontend\\src\\services\\DebitoService.ts","statementMap":{"0":{"start":{"line":1,"column":0},"end":{"line":1,"column":75}},"1":{"start":{"line":3,"column":0},"end":{"line":3,"column":43}},"2":{"start":{"line":4,"column":0},"end":{"line":4,"column":39}},"3":{"start":{"line":6,"column":0},"end":{"line":19,"column":1}},"4":{"start":{"line":10,"column":4},"end":{"line":10,"column":16}},"5":{"start":{"line":7,"column":12},"end":{"line":7,"column":55}},"6":{"start":{"line":15,"column":21},"end":{"line":16,"column":88}},"7":{"start":{"line":17,"column":4},"end":{"line":17,"column":26}},"8":{"start":{"line":6,"column":13},"end":{"line":19,"column":1}},"9":{"start":{"line":6,"column":13},"end":{"line":6,"column":26}}},"fnMap":{"0":{"name":"(anonymous_0)","decl":{"start":{"line":9,"column":2},"end":{"line":9,"column":21}},"loc":{"start":{"line":9,"column":39},"end":{"line":11,"column":3}}},"1":{"name":"(anonymous_1)","decl":{"start":{"line":14,"column":9},"end":{"line":14,"column":13}},"loc":{"start":{"line":14,"column":46},"end":{"line":18,"column":3}}}},"branchMap":{},"s":{"0":1,"1":1,"2":1,"3":1,"4":1,"5":1,"6":1,"7":1,"8":1,"9":1},"f":{"0":1,"1":1},"b":{}}
,"C:\\Users\\isabela.goncalves\\handson\\servico-negociacao-frontend\\servico-negociacao-frontend\\src\\services\\ServiceBase.ts": {"path":"C:\\Users\\isabela.goncalves\\handson\\servico-negociacao-frontend\\servico-negociacao-frontend\\src\\services\\ServiceBase.ts","statementMap":{"0":{"start":{"line":1,"column":0},"end":{"line":1,"column":75}},"1":{"start":{"line":2,"column":0},"end":{"line":2,"column":39}},"2":{"start":{"line":4,"column":0},"end":{"line":11,"column":1}},"3":{"start":{"line":9,"column":4},"end":{"line":9,"column":21}},"4":{"start":{"line":4,"column":22},"end":{"line":11,"column":1}},"5":{"start":{"line":4,"column":22},"end":{"line":4,"column":33}}},"fnMap":{"0":{"name":"(anonymous_0)","decl":{"start":{"line":8,"column":2},"end":{"line":8,"column":21}},"loc":{"start":{"line":8,"column":39},"end":{"line":10,"column":3}}}},"branchMap":{},"s":{"0":1,"1":1,"2":1,"3":1,"4":1,"5":1},"f":{"0":1},"b":{}}
,"C:\\Users\\isabela.goncalves\\handson\\servico-negociacao-frontend\\servico-negociacao-frontend\\src\\store\\index.ts": {"path":"C:\\Users\\isabela.goncalves\\handson\\servico-negociacao-frontend\\servico-negociacao-frontend\\src\\store\\index.ts","statementMap":{"0":{"start":{"line":1,"column":0},"end":{"line":1,"column":21}},"1":{"start":{"line":2,"column":0},"end":{"line":2,"column":23}},"2":{"start":{"line":3,"column":0},"end":{"line":3,"column":29}},"3":{"start":{"line":4,"column":0},"end":{"line":4,"column":33}},"4":{"start":{"line":6,"column":0},"end":{"line":6,"column":14}},"5":{"start":{"line":8,"column":0},"end":{"line":9,"column":1}},"6":{"start":{"line":11,"column":14},"end":{"line":16,"column":2}},"7":{"start":{"line":18,"column":0},"end":{"line":18,"column":41}},"8":{"start":{"line":20,"column":0},"end":{"line":20,"column":21}}},"fnMap":{},"branchMap":{},"s":{"0":0,"1":0,"2":0,"3":0,"4":0,"5":0,"6":0,"7":0,"8":0},"f":{},"b":{}}
,"C:\\Users\\isabela.goncalves\\handson\\servico-negociacao-frontend\\servico-negociacao-frontend\\src\\store\\namespaces.ts": {"path":"C:\\Users\\isabela.goncalves\\handson\\servico-negociacao-frontend\\servico-negociacao-frontend\\src\\store\\namespaces.ts","statementMap":{"0":{"start":{"line":1,"column":0},"end":{"line":4,"column":1}},"1":{"start":{"line":2,"column":4},"end":{"line":2,"column":21}},"2":{"start":{"line":3,"column":4},"end":{"line":3,"column":25}}},"fnMap":{"0":{"name":"(anonymous_0)","decl":{"start":{"line":1,"column":0},"end":{"line":1,"column":11}},"loc":{"start":{"line":1,"column":27},"end":{"line":4,"column":1}}}},"branchMap":{"0":{"loc":{"start":{"line":1,"column":12},"end":{"line":1,"column":27}},"type":"binary-expr","locations":[{"start":{"line":1,"column":12},"end":{"line":1,"column":27}},{"start":{"line":1,"column":12},"end":{"line":1,"column":27}}]}},"s":{"0":0,"1":0,"2":0},"f":{"0":0},"b":{"0":[0,0]}}
,"C:\\Users\\isabela.goncalves\\handson\\servico-negociacao-frontend\\servico-negociacao-frontend\\src\\store\\campanha\\actions.ts": {"path":"C:\\Users\\isabela.goncalves\\handson\\servico-negociacao-frontend\\servico-negociacao-frontend\\src\\store\\campanha\\actions.ts","statementMap":{"0":{"start":{"line":3,"column":0},"end":{"line":3,"column":51}},"1":{"start":{"line":5,"column":0},"end":{"line":5,"column":60}},"2":{"start":{"line":6,"column":0},"end":{"line":6,"column":42}},"3":{"start":{"line":8,"column":0},"end":{"line":11,"column":1}},"4":{"start":{"line":9,"column":2},"end":{"line":9,"column":43}},"5":{"start":{"line":10,"column":2},"end":{"line":10,"column":55}},"6":{"start":{"line":13,"column":54},"end":{"line":26,"column":1}},"7":{"start":{"line":16,"column":20},"end":{"line":18,"column":24}},"8":{"start":{"line":20,"column":18},"end":{"line":20,"column":48}},"9":{"start":{"line":21,"column":4},"end":{"line":21,"column":55}},"10":{"start":{"line":24,"column":4},"end":{"line":24,"column":80}},"11":{"start":{"line":28,"column":0},"end":{"line":28,"column":23}}},"fnMap":{"0":{"name":"(anonymous_0)","decl":{"start":{"line":8,"column":0},"end":{"line":8,"column":11}},"loc":{"start":{"line":8,"column":31},"end":{"line":11,"column":1}}}},"branchMap":{"0":{"loc":{"start":{"line":8,"column":12},"end":{"line":8,"column":31}},"type":"binary-expr","locations":[{"start":{"line":8,"column":12},"end":{"line":8,"column":31}},{"start":{"line":8,"column":12},"end":{"line":8,"column":31}}]}},"s":{"0":0,"1":0,"2":0,"3":0,"4":0,"5":0,"6":0,"7":0,"8":0,"9":0,"10":0,"11":0},"f":{"0":0},"b":{"0":[0,0]}}
,"C:\\Users\\isabela.goncalves\\handson\\servico-negociacao-frontend\\servico-negociacao-frontend\\src\\store\\campanha\\getters.ts": {"path":"C:\\Users\\isabela.goncalves\\handson\\servico-negociacao-frontend\\servico-negociacao-frontend\\src\\store\\campanha\\getters.ts","statementMap":{"0":{"start":{"line":5,"column":0},"end":{"line":8,"column":1}},"1":{"start":{"line":6,"column":2},"end":{"line":6,"column":25}},"2":{"start":{"line":7,"column":2},"end":{"line":7,"column":47}},"3":{"start":{"line":10,"column":54},"end":{"line":18,"column":1}},"4":{"start":{"line":12,"column":4},"end":{"line":12,"column":27}},"5":{"start":{"line":16,"column":4},"end":{"line":16,"column":37}},"6":{"start":{"line":20,"column":0},"end":{"line":20,"column":23}}},"fnMap":{"0":{"name":"(anonymous_0)","decl":{"start":{"line":5,"column":0},"end":{"line":5,"column":11}},"loc":{"start":{"line":5,"column":31},"end":{"line":8,"column":1}}}},"branchMap":{"0":{"loc":{"start":{"line":5,"column":12},"end":{"line":5,"column":31}},"type":"binary-expr","locations":[{"start":{"line":5,"column":12},"end":{"line":5,"column":31}},{"start":{"line":5,"column":12},"end":{"line":5,"column":31}}]}},"s":{"0":0,"1":0,"2":0,"3":0,"4":0,"5":0,"6":0},"f":{"0":0},"b":{"0":[0,0]}}
,"C:\\Users\\isabela.goncalves\\handson\\servico-negociacao-frontend\\servico-negociacao-frontend\\src\\store\\campanha\\index.ts": {"path":"C:\\Users\\isabela.goncalves\\handson\\servico-negociacao-frontend\\servico-negociacao-frontend\\src\\store\\campanha\\index.ts","statementMap":{"0":{"start":{"line":2,"column":0},"end":{"line":2,"column":46}},"1":{"start":{"line":4,"column":0},"end":{"line":4,"column":35}},"2":{"start":{"line":5,"column":0},"end":{"line":5,"column":31}},"3":{"start":{"line":6,"column":0},"end":{"line":6,"column":31}},"4":{"start":{"line":8,"column":49},"end":{"line":14,"column":1}},"5":{"start":{"line":16,"column":0},"end":{"line":16,"column":22}}},"fnMap":{},"branchMap":{},"s":{"0":0,"1":0,"2":0,"3":0,"4":0,"5":0},"f":{},"b":{}}
,"C:\\Users\\isabela.goncalves\\handson\\servico-negociacao-frontend\\servico-negociacao-frontend\\src\\store\\campanha\\mutations.ts": {"path":"C:\\Users\\isabela.goncalves\\handson\\servico-negociacao-frontend\\servico-negociacao-frontend\\src\\store\\campanha\\mutations.ts","statementMap":{"0":{"start":{"line":5,"column":0},"end":{"line":8,"column":1}},"1":{"start":{"line":6,"column":2},"end":{"line":6,"column":33}},"2":{"start":{"line":7,"column":2},"end":{"line":7,"column":55}},"3":{"start":{"line":10,"column":47},"end":{"line":17,"column":1}},"4":{"start":{"line":12,"column":4},"end":{"line":12,"column":32}},"5":{"start":{"line":15,"column":4},"end":{"line":15,"column":52}},"6":{"start":{"line":19,"column":0},"end":{"line":19,"column":25}}},"fnMap":{"0":{"name":"(anonymous_0)","decl":{"start":{"line":5,"column":0},"end":{"line":5,"column":11}},"loc":{"start":{"line":5,"column":33},"end":{"line":8,"column":1}}}},"branchMap":{"0":{"loc":{"start":{"line":5,"column":12},"end":{"line":5,"column":33}},"type":"binary-expr","locations":[{"start":{"line":5,"column":12},"end":{"line":5,"column":33}},{"start":{"line":5,"column":12},"end":{"line":5,"column":33}}]}},"s":{"0":0,"1":0,"2":0,"3":0,"4":0,"5":0,"6":0},"f":{"0":0},"b":{"0":[0,0]}}
,"C:\\Users\\isabela.goncalves\\handson\\servico-negociacao-frontend\\servico-negociacao-frontend\\src\\store\\campanha\\state.ts": {"path":"C:\\Users\\isabela.goncalves\\handson\\servico-negociacao-frontend\\servico-negociacao-frontend\\src\\store\\campanha\\state.ts","statementMap":{"0":{"start":{"line":4,"column":0},"end":{"line":7,"column":1}},"1":{"start":{"line":9,"column":13},"end":{"line":12,"column":3}},"2":{"start":{"line":14,"column":0},"end":{"line":14,"column":21}}},"fnMap":{},"branchMap":{},"s":{"0":0,"1":0,"2":0},"f":{},"b":{}}
,"C:\\Users\\isabela.goncalves\\handson\\servico-negociacao-frontend\\servico-negociacao-frontend\\src\\store\\debito\\actions.ts": {"path":"C:\\Users\\isabela.goncalves\\handson\\servico-negociacao-frontend\\servico-negociacao-frontend\\src\\store\\debito\\actions.ts","statementMap":{"0":{"start":{"line":3,"column":0},"end":{"line":3,"column":49}},"1":{"start":{"line":5,"column":0},"end":{"line":5,"column":56}},"2":{"start":{"line":7,"column":0},"end":{"line":10,"column":1}},"3":{"start":{"line":8,"column":2},"end":{"line":8,"column":53}},"4":{"start":{"line":9,"column":2},"end":{"line":9,"column":55}},"5":{"start":{"line":12,"column":52},"end":{"line":20,"column":1}},"6":{"start":{"line":14,"column":18},"end":{"line":14,"column":68}},"7":{"start":{"line":15,"column":4},"end":{"line":15,"column":57}},"8":{"start":{"line":18,"column":4},"end":{"line":18,"column":78}},"9":{"start":{"line":22,"column":0},"end":{"line":22,"column":23}}},"fnMap":{"0":{"name":"(anonymous_0)","decl":{"start":{"line":7,"column":0},"end":{"line":7,"column":11}},"loc":{"start":{"line":7,"column":29},"end":{"line":10,"column":1}}}},"branchMap":{"0":{"loc":{"start":{"line":7,"column":12},"end":{"line":7,"column":29}},"type":"binary-expr","locations":[{"start":{"line":7,"column":12},"end":{"line":7,"column":29}},{"start":{"line":7,"column":12},"end":{"line":7,"column":29}}]}},"s":{"0":0,"1":0,"2":0,"3":0,"4":0,"5":0,"6":0,"7":0,"8":0,"9":0},"f":{"0":0},"b":{"0":[0,0]}}
,"C:\\Users\\isabela.goncalves\\handson\\servico-negociacao-frontend\\servico-negociacao-frontend\\src\\store\\debito\\getters.ts": {"path":"C:\\Users\\isabela.goncalves\\handson\\servico-negociacao-frontend\\servico-negociacao-frontend\\src\\store\\debito\\getters.ts","statementMap":{"0":{"start":{"line":5,"column":0},"end":{"line":10,"column":1}},"1":{"start":{"line":6,"column":2},"end":{"line":6,"column":33}},"2":{"start":{"line":7,"column":2},"end":{"line":7,"column":41}},"3":{"start":{"line":8,"column":2},"end":{"line":8,"column":31}},"4":{"start":{"line":9,"column":2},"end":{"line":9,"column":17}},"5":{"start":{"line":12,"column":52},"end":{"line":34,"column":1}},"6":{"start":{"line":14,"column":4},"end":{"line":14,"column":30}},"7":{"start":{"line":17,"column":16},"end":{"line":17,"column":19}},"8":{"start":{"line":18,"column":4},"end":{"line":20,"column":7}},"9":{"start":{"line":19,"column":6},"end":{"line":19,"column":30}},"10":{"start":{"line":21,"column":4},"end":{"line":21,"column":17}},"11":{"start":{"line":24,"column":16},"end":{"line":24,"column":19}},"12":{"start":{"line":25,"column":4},"end":{"line":28,"column":7}},"13":{"start":{"line":26,"column":6},"end":{"line":26,"column":30}},"14":{"start":{"line":29,"column":4},"end":{"line":29,"column":17}},"15":{"start":{"line":32,"column":4},"end":{"line":32,"column":23}},"16":{"start":{"line":36,"column":0},"end":{"line":36,"column":23}}},"fnMap":{"0":{"name":"(anonymous_0)","decl":{"start":{"line":5,"column":0},"end":{"line":5,"column":11}},"loc":{"start":{"line":5,"column":29},"end":{"line":10,"column":1}}},"1":{"name":"(anonymous_1)","decl":{"start":{"line":18,"column":32},"end":{"line":18,"column":33}},"loc":{"start":{"line":18,"column":44},"end":{"line":20,"column":5}}},"2":{"name":"(anonymous_2)","decl":{"start":{"line":25,"column":39},"end":{"line":25,"column":40}},"loc":{"start":{"line":25,"column":51},"end":{"line":28,"column":5}}}},"branchMap":{"0":{"loc":{"start":{"line":5,"column":12},"end":{"line":5,"column":29}},"type":"binary-expr","locations":[{"start":{"line":5,"column":12},"end":{"line":5,"column":29}},{"start":{"line":5,"column":12},"end":{"line":5,"column":29}}]}},"s":{"0":0,"1":0,"2":0,"3":0,"4":0,"5":0,"6":0,"7":0,"8":0,"9":0,"10":0,"11":0,"12":0,"13":0,"14":0,"15":0,"16":0},"f":{"0":0,"1":0,"2":0},"b":{"0":[0,0]}}
,"C:\\Users\\isabela.goncalves\\handson\\servico-negociacao-frontend\\servico-negociacao-frontend\\src\\store\\debito\\index.ts": {"path":"C:\\Users\\isabela.goncalves\\handson\\servico-negociacao-frontend\\servico-negociacao-frontend\\src\\store\\debito\\index.ts","statementMap":{"0":{"start":{"line":2,"column":0},"end":{"line":2,"column":44}},"1":{"start":{"line":4,"column":0},"end":{"line":4,"column":35}},"2":{"start":{"line":5,"column":0},"end":{"line":5,"column":31}},"3":{"start":{"line":6,"column":0},"end":{"line":6,"column":31}},"4":{"start":{"line":8,"column":47},"end":{"line":14,"column":1}},"5":{"start":{"line":16,"column":0},"end":{"line":16,"column":22}}},"fnMap":{},"branchMap":{},"s":{"0":0,"1":0,"2":0,"3":0,"4":0,"5":0},"f":{},"b":{}}
,"C:\\Users\\isabela.goncalves\\handson\\servico-negociacao-frontend\\servico-negociacao-frontend\\src\\store\\debito\\mutations.ts": {"path":"C:\\Users\\isabela.goncalves\\handson\\servico-negociacao-frontend\\servico-negociacao-frontend\\src\\store\\debito\\mutations.ts","statementMap":{"0":{"start":{"line":6,"column":0},"end":{"line":9,"column":1}},"1":{"start":{"line":7,"column":2},"end":{"line":7,"column":41}},"2":{"start":{"line":8,"column":2},"end":{"line":8,"column":55}},"3":{"start":{"line":11,"column":45},"end":{"line":19,"column":1}},"4":{"start":{"line":13,"column":4},"end":{"line":13,"column":41}},"5":{"start":{"line":14,"column":4},"end":{"line":14,"column":32}},"6":{"start":{"line":17,"column":4},"end":{"line":17,"column":52}},"7":{"start":{"line":21,"column":0},"end":{"line":21,"column":25}}},"fnMap":{"0":{"name":"(anonymous_0)","decl":{"start":{"line":6,"column":0},"end":{"line":6,"column":11}},"loc":{"start":{"line":6,"column":31},"end":{"line":9,"column":1}}}},"branchMap":{"0":{"loc":{"start":{"line":6,"column":12},"end":{"line":6,"column":31}},"type":"binary-expr","locations":[{"start":{"line":6,"column":12},"end":{"line":6,"column":31}},{"start":{"line":6,"column":12},"end":{"line":6,"column":31}}]}},"s":{"0":0,"1":0,"2":0,"3":0,"4":0,"5":0,"6":0,"7":0},"f":{"0":0},"b":{"0":[0,0]}}
,"C:\\Users\\isabela.goncalves\\handson\\servico-negociacao-frontend\\servico-negociacao-frontend\\src\\store\\debito\\state.ts": {"path":"C:\\Users\\isabela.goncalves\\handson\\servico-negociacao-frontend\\servico-negociacao-frontend\\src\\store\\debito\\state.ts","statementMap":{"0":{"start":{"line":4,"column":0},"end":{"line":8,"column":1}},"1":{"start":{"line":10,"column":13},"end":{"line":14,"column":3}},"2":{"start":{"line":16,"column":0},"end":{"line":16,"column":21}}},"fnMap":{},"branchMap":{},"s":{"0":0,"1":0,"2":0},"f":{},"b":{}}
}
