TN:
SF:C:\Users\isabela.goncalves\handson\servico-negociacao-frontend\servico-negociacao-frontend\src\components\campanha\campanhas.vue
FN:55,(anonymous_1)
FN:59,(anonymous_2)
FNF:2
FNH:0
FNDA:0,(anonymous_1)
FNDA:0,(anonymous_2)
DA:26,0
DA:32,0
DA:33,0
DA:34,0
DA:37,0
DA:39,0
DA:45,0
DA:47,0
DA:50,0
DA:53,0
DA:56,0
DA:60,0
LF:12
LH:0
BRF:0
BRH:0
end_of_record
TN:
SF:C:\Users\isabela.goncalves\handson\servico-negociacao-frontend\servico-negociacao-frontend\src\components\layout\cabecalho.vue
FN:32,(anonymous_1)
FN:40,(anonymous_2)
FNF:2
FNH:0
FNDA:0,(anonymous_1)
FNDA:0,(anonymous_2)
DA:21,0
DA:26,0
DA:27,0
DA:28,0
DA:30,0
DA:34,0
DA:36,0
DA:38,0
DA:41,0
LF:9
LH:0
BRF:0
BRH:0
end_of_record
TN:
SF:C:\Users\isabela.goncalves\handson\servico-negociacao-frontend\servico-negociacao-frontend\src\components\negociacao\dadosAluno.vue
FNF:0
FNH:0
DA:21,0
DA:26,0
DA:27,0
DA:28,0
DA:31,0
DA:38,0
DA:40,0
LF:7
LH:0
BRF:0
BRH:0
end_of_record
TN:
SF:C:\Users\isabela.goncalves\handson\servico-negociacao-frontend\servico-negociacao-frontend\src\components\negociacao\debitos.vue
FN:53,(anonymous_1)
FN:80,(anonymous_2)
FNF:2
FNH:0
FNDA:0,(anonymous_1)
FNDA:0,(anonymous_2)
DA:38,0
DA:44,0
DA:45,0
DA:46,0
DA:49,0
DA:51,0
DA:58,0
DA:60,0
DA:63,0
DA:65,0
DA:67,0
DA:80,0
DA:81,0
LF:13
LH:0
BRF:0
BRH:0
end_of_record
TN:
SF:C:\Users\isabela.goncalves\handson\servico-negociacao-frontend\servico-negociacao-frontend\src\components\negociacao\simulacaoAcordo.vue
FNF:0
FNH:0
DA:34,0
DA:39,0
DA:40,0
DA:41,0
DA:42,0
DA:45,0
DA:46,0
DA:52,0
DA:54,0
DA:57,0
DA:60,0
LF:11
LH:0
BRF:0
BRH:0
end_of_record
TN:
SF:C:\Users\isabela.goncalves\handson\servico-negociacao-frontend\servico-negociacao-frontend\src\config\vuetify.ts
FNF:0
FNH:0
DA:1,0
DA:2,0
DA:3,0
DA:4,0
DA:6,0
LF:5
LH:0
BRF:0
BRH:0
end_of_record
TN:
SF:C:\Users\isabela.goncalves\handson\servico-negociacao-frontend\servico-negociacao-frontend\src\layouts\default.vue
FNF:0
FNH:0
DA:12,0
DA:17,0
DA:24,0
LF:3
LH:0
BRF:0
BRH:0
end_of_record
TN:
SF:C:\Users\isabela.goncalves\handson\servico-negociacao-frontend\servico-negociacao-frontend\src\model\Aluno.ts
FNF:0
FNH:0
DA:1,0
LF:1
LH:0
BRF:0
BRH:0
end_of_record
TN:
SF:C:\Users\isabela.goncalves\handson\servico-negociacao-frontend\servico-negociacao-frontend\src\model\Campanha.ts
FN:1,(anonymous_0)
FNF:1
FNH:0
FNDA:0,(anonymous_0)
DA:1,0
DA:8,0
LF:2
LH:0
BRF:0
BRH:0
end_of_record
TN:
SF:C:\Users\isabela.goncalves\handson\servico-negociacao-frontend\servico-negociacao-frontend\src\model\Debito.ts
FN:1,(anonymous_0)
FNF:1
FNH:0
FNDA:0,(anonymous_0)
DA:1,0
DA:12,0
LF:2
LH:0
BRF:0
BRH:0
end_of_record
TN:
SF:C:\Users\isabela.goncalves\handson\servico-negociacao-frontend\servico-negociacao-frontend\src\model\ObterDebitosDoAluno.ts
FNF:0
FNH:0
DA:4,0
LF:1
LH:0
BRF:0
BRH:0
end_of_record
TN:
SF:C:\Users\isabela.goncalves\handson\servico-negociacao-frontend\servico-negociacao-frontend\src\pages\Negociacao.vue
FNF:0
FNH:0
DA:22,0
DA:27,0
DA:28,0
DA:29,0
DA:30,0
DA:31,0
DA:32,0
DA:33,0
DA:36,0
DA:46,0
DA:48,0
LF:11
LH:0
BRF:0
BRH:0
end_of_record
TN:
SF:C:\Users\isabela.goncalves\handson\servico-negociacao-frontend\servico-negociacao-frontend\src\services\CampanhaService.ts
FN:10,(anonymous_0)
FN:14,(anonymous_1)
FNF:2
FNH:0
FNDA:0,(anonymous_0)
FNDA:0,(anonymous_1)
DA:1,0
DA:2,0
DA:4,0
DA:7,0
DA:8,0
DA:11,0
DA:15,0
DA:17,0
LF:8
LH:0
BRF:0
BRH:0
end_of_record
TN:
SF:C:\Users\isabela.goncalves\handson\servico-negociacao-frontend\servico-negociacao-frontend\src\services\DebitoService.ts
FN:9,(anonymous_0)
FN:14,(anonymous_1)
FNF:2
FNH:2
FNDA:1,(anonymous_0)
FNDA:1,(anonymous_1)
DA:1,1
DA:3,1
DA:4,1
DA:6,1
DA:7,1
DA:10,1
DA:15,1
DA:17,1
LF:8
LH:8
BRF:0
BRH:0
end_of_record
TN:
SF:C:\Users\isabela.goncalves\handson\servico-negociacao-frontend\servico-negociacao-frontend\src\services\ServiceBase.ts
FN:8,(anonymous_0)
FNF:1
FNH:1
FNDA:1,(anonymous_0)
DA:1,1
DA:2,1
DA:4,1
DA:9,1
LF:4
LH:4
BRF:0
BRH:0
end_of_record
TN:
SF:C:\Users\isabela.goncalves\handson\servico-negociacao-frontend\servico-negociacao-frontend\src\store\index.ts
FNF:0
FNH:0
DA:1,0
DA:2,0
DA:3,0
DA:4,0
DA:6,0
DA:8,0
DA:11,0
DA:18,0
DA:20,0
LF:9
LH:0
BRF:0
BRH:0
end_of_record
TN:
SF:C:\Users\isabela.goncalves\handson\servico-negociacao-frontend\servico-negociacao-frontend\src\store\namespaces.ts
FN:1,(anonymous_0)
FNF:1
FNH:0
FNDA:0,(anonymous_0)
DA:1,0
DA:2,0
DA:3,0
LF:3
LH:0
BRDA:1,0,0,0
BRDA:1,0,1,0
BRF:2
BRH:0
end_of_record
TN:
SF:C:\Users\isabela.goncalves\handson\servico-negociacao-frontend\servico-negociacao-frontend\src\store\campanha\actions.ts
FN:8,(anonymous_0)
FNF:1
FNH:0
FNDA:0,(anonymous_0)
DA:3,0
DA:5,0
DA:6,0
DA:8,0
DA:9,0
DA:10,0
DA:13,0
DA:16,0
DA:20,0
DA:21,0
DA:24,0
DA:28,0
LF:12
LH:0
BRDA:8,0,0,0
BRDA:8,0,1,0
BRF:2
BRH:0
end_of_record
TN:
SF:C:\Users\isabela.goncalves\handson\servico-negociacao-frontend\servico-negociacao-frontend\src\store\campanha\getters.ts
FN:5,(anonymous_0)
FNF:1
FNH:0
FNDA:0,(anonymous_0)
DA:5,0
DA:6,0
DA:7,0
DA:10,0
DA:12,0
DA:16,0
DA:20,0
LF:7
LH:0
BRDA:5,0,0,0
BRDA:5,0,1,0
BRF:2
BRH:0
end_of_record
TN:
SF:C:\Users\isabela.goncalves\handson\servico-negociacao-frontend\servico-negociacao-frontend\src\store\campanha\index.ts
FNF:0
FNH:0
DA:2,0
DA:4,0
DA:5,0
DA:6,0
DA:8,0
DA:16,0
LF:6
LH:0
BRF:0
BRH:0
end_of_record
TN:
SF:C:\Users\isabela.goncalves\handson\servico-negociacao-frontend\servico-negociacao-frontend\src\store\campanha\mutations.ts
FN:5,(anonymous_0)
FNF:1
FNH:0
FNDA:0,(anonymous_0)
DA:5,0
DA:6,0
DA:7,0
DA:10,0
DA:12,0
DA:15,0
DA:19,0
LF:7
LH:0
BRDA:5,0,0,0
BRDA:5,0,1,0
BRF:2
BRH:0
end_of_record
TN:
SF:C:\Users\isabela.goncalves\handson\servico-negociacao-frontend\servico-negociacao-frontend\src\store\campanha\state.ts
FNF:0
FNH:0
DA:4,0
DA:9,0
DA:14,0
LF:3
LH:0
BRF:0
BRH:0
end_of_record
TN:
SF:C:\Users\isabela.goncalves\handson\servico-negociacao-frontend\servico-negociacao-frontend\src\store\debito\actions.ts
FN:7,(anonymous_0)
FNF:1
FNH:0
FNDA:0,(anonymous_0)
DA:3,0
DA:5,0
DA:7,0
DA:8,0
DA:9,0
DA:12,0
DA:14,0
DA:15,0
DA:18,0
DA:22,0
LF:10
LH:0
BRDA:7,0,0,0
BRDA:7,0,1,0
BRF:2
BRH:0
end_of_record
TN:
SF:C:\Users\isabela.goncalves\handson\servico-negociacao-frontend\servico-negociacao-frontend\src\store\debito\getters.ts
FN:5,(anonymous_0)
FN:18,(anonymous_1)
FN:25,(anonymous_2)
FNF:3
FNH:0
FNDA:0,(anonymous_0)
FNDA:0,(anonymous_1)
FNDA:0,(anonymous_2)
DA:5,0
DA:6,0
DA:7,0
DA:8,0
DA:9,0
DA:12,0
DA:14,0
DA:17,0
DA:18,0
DA:19,0
DA:21,0
DA:24,0
DA:25,0
DA:26,0
DA:29,0
DA:32,0
DA:36,0
LF:17
LH:0
BRDA:5,0,0,0
BRDA:5,0,1,0
BRF:2
BRH:0
end_of_record
TN:
SF:C:\Users\isabela.goncalves\handson\servico-negociacao-frontend\servico-negociacao-frontend\src\store\debito\index.ts
FNF:0
FNH:0
DA:2,0
DA:4,0
DA:5,0
DA:6,0
DA:8,0
DA:16,0
LF:6
LH:0
BRF:0
BRH:0
end_of_record
TN:
SF:C:\Users\isabela.goncalves\handson\servico-negociacao-frontend\servico-negociacao-frontend\src\store\debito\mutations.ts
FN:6,(anonymous_0)
FNF:1
FNH:0
FNDA:0,(anonymous_0)
DA:6,0
DA:7,0
DA:8,0
DA:11,0
DA:13,0
DA:14,0
DA:17,0
DA:21,0
LF:8
LH:0
BRDA:6,0,0,0
BRDA:6,0,1,0
BRF:2
BRH:0
end_of_record
TN:
SF:C:\Users\isabela.goncalves\handson\servico-negociacao-frontend\servico-negociacao-frontend\src\store\debito\state.ts
FNF:0
FNH:0
DA:4,0
DA:10,0
DA:16,0
LF:3
LH:0
BRF:0
BRH:0
end_of_record
